Performing C SOURCE FILE Test CMAKE_HAVE_LIBC_PTHREAD failed with the following output:
Change Dir: /home/pi/UM/catkin_ws/build/CMakeFiles/CMakeTmp

Run Build Command(s):/usr/bin/make cmTC_57437/fast && /usr/bin/make -f CMakeFiles/cmTC_57437.dir/build.make CMakeFiles/cmTC_57437.dir/build
make[1]: se entra en el directorio '/home/pi/UM/catkin_ws/build/CMakeFiles/CMakeTmp'
Building C object CMakeFiles/cmTC_57437.dir/src.c.o
/usr/bin/cc   -DCMAKE_HAVE_LIBC_PTHREAD   -o CMakeFiles/cmTC_57437.dir/src.c.o   -c /home/pi/UM/catkin_ws/build/CMakeFiles/CMakeTmp/src.c
Linking C executable cmTC_57437
/usr/bin/cmake -E cmake_link_script CMakeFiles/cmTC_57437.dir/link.txt --verbose=1
/usr/bin/cc  -DCMAKE_HAVE_LIBC_PTHREAD    -rdynamic CMakeFiles/cmTC_57437.dir/src.c.o  -o cmTC_57437 
/usr/bin/ld: CMakeFiles/cmTC_57437.dir/src.c.o: en la función `main':
src.c:(.text+0x40): referencia a `pthread_create' sin definir
/usr/bin/ld: src.c:(.text+0x4c): referencia a `pthread_detach' sin definir
/usr/bin/ld: src.c:(.text+0x5c): referencia a `pthread_join' sin definir
collect2: error: ld returned 1 exit status
make[1]: *** [CMakeFiles/cmTC_57437.dir/build.make:87: cmTC_57437] Error 1
make[1]: se sale del directorio '/home/pi/UM/catkin_ws/build/CMakeFiles/CMakeTmp'
make: *** [Makefile:121: cmTC_57437/fast] Error 2


Source file was:
#include <pthread.h>

void* test_func(void* data)
{
  return data;
}

int main(void)
{
  pthread_t thread;
  pthread_create(&thread, NULL, test_func, NULL);
  pthread_detach(thread);
  pthread_join(thread, NULL);
  pthread_atfork(NULL, NULL, NULL);
  pthread_exit(NULL);

  return 0;
}

Determining if the function pthread_create exists in the pthreads failed with the following output:
Change Dir: /home/pi/UM/catkin_ws/build/CMakeFiles/CMakeTmp

Run Build Command(s):/usr/bin/make cmTC_d3e03/fast && /usr/bin/make -f CMakeFiles/cmTC_d3e03.dir/build.make CMakeFiles/cmTC_d3e03.dir/build
make[1]: se entra en el directorio '/home/pi/UM/catkin_ws/build/CMakeFiles/CMakeTmp'
Building C object CMakeFiles/cmTC_d3e03.dir/CheckFunctionExists.c.o
/usr/bin/cc   -DCHECK_FUNCTION_EXISTS=pthread_create   -o CMakeFiles/cmTC_d3e03.dir/CheckFunctionExists.c.o   -c /usr/share/cmake-3.16/Modules/CheckFunctionExists.c
Linking C executable cmTC_d3e03
/usr/bin/cmake -E cmake_link_script CMakeFiles/cmTC_d3e03.dir/link.txt --verbose=1
/usr/bin/cc  -DCHECK_FUNCTION_EXISTS=pthread_create    -rdynamic CMakeFiles/cmTC_d3e03.dir/CheckFunctionExists.c.o  -o cmTC_d3e03  -lpthreads 
/usr/bin/ld: no se puede encontrar -lpthreads
collect2: error: ld returned 1 exit status
make[1]: *** [CMakeFiles/cmTC_d3e03.dir/build.make:87: cmTC_d3e03] Error 1
make[1]: se sale del directorio '/home/pi/UM/catkin_ws/build/CMakeFiles/CMakeTmp'
make: *** [Makefile:121: cmTC_d3e03/fast] Error 2



Determining if the Q_WS_WIN exist failed with the following output:
Change Dir: /home/pi/UM/catkin_ws/build/CMakeFiles/CMakeTmp

Run Build Command(s):/usr/bin/make cmTC_c1027/fast && make[1]: se entra en el directorio '/home/pi/UM/catkin_ws/build/CMakeFiles/CMakeTmp'
/usr/bin/make -f CMakeFiles/cmTC_c1027.dir/build.make CMakeFiles/cmTC_c1027.dir/build
make[2]: se entra en el directorio '/home/pi/UM/catkin_ws/build/CMakeFiles/CMakeTmp'
Building CXX object CMakeFiles/cmTC_c1027.dir/CheckSymbolExists.cxx.o
/usr/bin/c++   -I/usr/include/qt4   -o CMakeFiles/cmTC_c1027.dir/CheckSymbolExists.cxx.o -c /home/pi/UM/catkin_ws/build/CMakeFiles/CMakeTmp/CheckSymbolExists.cxx
/home/pi/UM/catkin_ws/build/CMakeFiles/CMakeTmp/CheckSymbolExists.cxx: In function ‘int main(int, char**)’:
/home/pi/UM/catkin_ws/build/CMakeFiles/CMakeTmp/CheckSymbolExists.cxx:8:19: error: ‘Q_WS_WIN’ was not declared in this scope
   return ((int*)(&Q_WS_WIN))[argc];
                   ^~~~~~~~
/home/pi/UM/catkin_ws/build/CMakeFiles/CMakeTmp/CheckSymbolExists.cxx:8:19: note: suggested alternative: ‘Q_WS_X11’
   return ((int*)(&Q_WS_WIN))[argc];
                   ^~~~~~~~
                   Q_WS_X11
make[2]: *** [CMakeFiles/cmTC_c1027.dir/build.make:66: CMakeFiles/cmTC_c1027.dir/CheckSymbolExists.cxx.o] Error 1
make[2]: se sale del directorio '/home/pi/UM/catkin_ws/build/CMakeFiles/CMakeTmp'
make[1]: *** [Makefile:121: cmTC_c1027/fast] Error 2
make[1]: se sale del directorio '/home/pi/UM/catkin_ws/build/CMakeFiles/CMakeTmp'


File /home/pi/UM/catkin_ws/build/CMakeFiles/CMakeTmp/CheckSymbolExists.cxx:
/* */
#include <QtCore/qglobal.h>

int main(int argc, char** argv)
{
  (void)argv;
#ifndef Q_WS_WIN
  return ((int*)(&Q_WS_WIN))[argc];
#else
  (void)argc;
  return 0;
#endif
}
Determining if the Q_WS_QWS exist failed with the following output:
Change Dir: /home/pi/UM/catkin_ws/build/CMakeFiles/CMakeTmp

Run Build Command(s):/usr/bin/make cmTC_da455/fast && make[1]: se entra en el directorio '/home/pi/UM/catkin_ws/build/CMakeFiles/CMakeTmp'
/usr/bin/make -f CMakeFiles/cmTC_da455.dir/build.make CMakeFiles/cmTC_da455.dir/build
make[2]: se entra en el directorio '/home/pi/UM/catkin_ws/build/CMakeFiles/CMakeTmp'
Building CXX object CMakeFiles/cmTC_da455.dir/CheckSymbolExists.cxx.o
/usr/bin/c++   -I/usr/include/qt4   -o CMakeFiles/cmTC_da455.dir/CheckSymbolExists.cxx.o -c /home/pi/UM/catkin_ws/build/CMakeFiles/CMakeTmp/CheckSymbolExists.cxx
/home/pi/UM/catkin_ws/build/CMakeFiles/CMakeTmp/CheckSymbolExists.cxx: In function ‘int main(int, char**)’:
/home/pi/UM/catkin_ws/build/CMakeFiles/CMakeTmp/CheckSymbolExists.cxx:8:19: error: ‘Q_WS_QWS’ was not declared in this scope
   return ((int*)(&Q_WS_QWS))[argc];
                   ^~~~~~~~
/home/pi/UM/catkin_ws/build/CMakeFiles/CMakeTmp/CheckSymbolExists.cxx:8:19: note: suggested alternative: ‘Q_WS_X11’
   return ((int*)(&Q_WS_QWS))[argc];
                   ^~~~~~~~
                   Q_WS_X11
make[2]: *** [CMakeFiles/cmTC_da455.dir/build.make:66: CMakeFiles/cmTC_da455.dir/CheckSymbolExists.cxx.o] Error 1
make[2]: se sale del directorio '/home/pi/UM/catkin_ws/build/CMakeFiles/CMakeTmp'
make[1]: *** [Makefile:121: cmTC_da455/fast] Error 2
make[1]: se sale del directorio '/home/pi/UM/catkin_ws/build/CMakeFiles/CMakeTmp'


File /home/pi/UM/catkin_ws/build/CMakeFiles/CMakeTmp/CheckSymbolExists.cxx:
/* */
#include <QtCore/qglobal.h>

int main(int argc, char** argv)
{
  (void)argv;
#ifndef Q_WS_QWS
  return ((int*)(&Q_WS_QWS))[argc];
#else
  (void)argc;
  return 0;
#endif
}
Determining if the Q_WS_MAC exist failed with the following output:
Change Dir: /home/pi/UM/catkin_ws/build/CMakeFiles/CMakeTmp

Run Build Command(s):/usr/bin/make cmTC_f7d9a/fast && make[1]: se entra en el directorio '/home/pi/UM/catkin_ws/build/CMakeFiles/CMakeTmp'
/usr/bin/make -f CMakeFiles/cmTC_f7d9a.dir/build.make CMakeFiles/cmTC_f7d9a.dir/build
make[2]: se entra en el directorio '/home/pi/UM/catkin_ws/build/CMakeFiles/CMakeTmp'
Building CXX object CMakeFiles/cmTC_f7d9a.dir/CheckSymbolExists.cxx.o
/usr/bin/c++   -I/usr/include/qt4   -o CMakeFiles/cmTC_f7d9a.dir/CheckSymbolExists.cxx.o -c /home/pi/UM/catkin_ws/build/CMakeFiles/CMakeTmp/CheckSymbolExists.cxx
/home/pi/UM/catkin_ws/build/CMakeFiles/CMakeTmp/CheckSymbolExists.cxx: In function ‘int main(int, char**)’:
/home/pi/UM/catkin_ws/build/CMakeFiles/CMakeTmp/CheckSymbolExists.cxx:8:19: error: ‘Q_WS_MAC’ was not declared in this scope
   return ((int*)(&Q_WS_MAC))[argc];
                   ^~~~~~~~
/home/pi/UM/catkin_ws/build/CMakeFiles/CMakeTmp/CheckSymbolExists.cxx:8:19: note: suggested alternative: ‘Q_WS_X11’
   return ((int*)(&Q_WS_MAC))[argc];
                   ^~~~~~~~
                   Q_WS_X11
make[2]: *** [CMakeFiles/cmTC_f7d9a.dir/build.make:66: CMakeFiles/cmTC_f7d9a.dir/CheckSymbolExists.cxx.o] Error 1
make[2]: se sale del directorio '/home/pi/UM/catkin_ws/build/CMakeFiles/CMakeTmp'
make[1]: *** [Makefile:121: cmTC_f7d9a/fast] Error 2
make[1]: se sale del directorio '/home/pi/UM/catkin_ws/build/CMakeFiles/CMakeTmp'


File /home/pi/UM/catkin_ws/build/CMakeFiles/CMakeTmp/CheckSymbolExists.cxx:
/* */
#include <QtCore/qglobal.h>

int main(int argc, char** argv)
{
  (void)argv;
#ifndef Q_WS_MAC
  return ((int*)(&Q_WS_MAC))[argc];
#else
  (void)argc;
  return 0;
#endif
}
